Arguments: 
  D:\Programs\NodeJs\node.exe C:\Users\Dell\AppData\Roaming\npm\node_modules\yarn\bin\yarn.js add @material-ui/core

PATH: 
  C:\WINDOWS\system32;C:\WINDOWS;C:\WINDOWS\System32\Wbem;C:\WINDOWS\System32\WindowsPowerShell\v1.0\;C:\WINDOWS\System32\OpenSSH\;C:\Program Files\Git\cmd;D:\Programs\NodeJs\;C:\Users\Dell\AppData\Local\Microsoft\WindowsApps;;D:\Programs\Microsoft VS Code\bin;C:\Users\Dell\AppData\Roaming\npm

Yarn version: 
  1.22.19

Node version: 
  18.13.0

Platform: 
  win32 x64

Trace: 
  Error: https://registry.npmjs.org/bcrypt: tunneling socket could not be established, cause=getaddrinfo ENOTFOUND proxy.example.com
      at ClientRequest.onError (C:\Users\Dell\AppData\Roaming\npm\node_modules\yarn\lib\cli.js:152376:17)
      at Object.onceWrapper (node:events:628:26)
      at ClientRequest.emit (node:events:513:28)
      at Socket.socketErrorListener (node:_http_client:496:9)
      at Socket.emit (node:events:513:28)
      at emitErrorNT (node:internal/streams/destroy:151:8)
      at emitErrorCloseNT (node:internal/streams/destroy:116:3)
      at process.processTicksAndRejections (node:internal/process/task_queues:82:21)

npm manifest: 
  {
    "name": "blogs",
    "version": "1.0.0",
    "description": "",
    "main": "index.js",
    "type": "module",
    "scripts": {
      "start": "node index.js",
      "start:dev": "nodemon index.js"
    },
    "author": "seidAli",
    "license": "ISC",
    "dependencies": {
      "bcrypt": "^5.1.0",
      "cors": "^2.8.5",
      "express": "^4.18.2",
      "express-validator": "^7.0.1",
      "gh-pages": "^5.0.0",
      "jsonwebtoken": "^9.0.0",
      "mongodb": "^5.5.0",
      "mongoose": "^7.2.0",
      "multer": "^1.4.5-lts.1",
      "nodemon": "^2.0.22"
    }
  }

yarn manifest: 
  No manifest

Lockfile: 
  No lockfile
